<?xml version="1.0" encoding="UTF-8"?>
<testsuite name="tests.LoginInvalidTest" tests="1" skipped="0" failures="0" errors="0" timestamp="2025-11-03T13:53:44.444Z" hostname="IVANNA" time="12.94">
  <properties/>
  <testcase name="testInvalidLogin" classname="tests.LoginInvalidTest" time="12.94"/>
  <system-out><![CDATA[]]></system-out>
  <system-err><![CDATA[Nov 03, 2025 8:53:44 PM org.openqa.selenium.devtools.CdpVersionFinder findNearestMatch
WARNING: Unable to find CDP implementation matching 141
Nov 03, 2025 8:53:44 PM org.openqa.selenium.chromium.ChromiumDriver lambda$new$5
WARNING: Unable to find version of CDP to use for 141.0.7390.123. You may need to include a dependency on a specific version of the CDP using something similar to `org.seleniumhq.selenium:selenium-devtools-v86:4.22.0` where the version ("v86") matches the version of the chromium-based browser you're using and the version number of the artifact is the same as Selenium's.
]]></system-err>
</testsuite>
